<?xml version="1.0" encoding="UTF-8"?>
<testsuite xmlns:xsi="http://www.w3.org/2001/XMLSchema-instance" xsi:noNamespaceSchemaLocation="https://maven.apache.org/surefire/maven-surefire-plugin/xsd/surefire-test-report.xsd" version="3.0.2" name="com.api.demo.DemoApplicationTests" time="5.505" tests="1" errors="0" skipped="0" failures="0">
  <properties>
[...]
</properties>
  <testcase name="contextLoads" classname="com.api.demo.DemoApplicationTests" time="1.154">
    <system-out><![CDATA[Standard Commons Logging discovery in action with spring-jcl: please remove commons-logging.jar from classpath in order to avoid potential conflicts
21:40:14.893 [main] INFO org.springframework.test.context.support.AnnotationConfigContextLoaderUtils -- Could not detect default configuration classes for test class [com.api.demo.DemoApplicationTests]: DemoApplicationTests does not declare any static, non-private, non-final, nested classes annotated with @Configuration.
21:40:15.122 [main] INFO org.springframework.boot.test.context.SpringBootTestContextBootstrapper -- Found @SpringBootConfiguration com.api.demo.DemoApplication for test class com.api.demo.DemoApplicationTests

  .   ____          _            __ _ _
 /\\ / ___'_ __ _ _(_)_ __  __ _ \ \ \ \
( ( )\___ | '_ | '_| | '_ \/ _` | \ \ \ \
 \\/  ___)| |_)| | | | | || (_| |  ) ) ) )
  '  |____| .__|_| |_|_| |_\__, | / / / /
 =========|_|==============|___/=/_/_/_/

 :: Spring Boot ::                (v3.5.2)

2025-07-09T21:40:16.056-03:00  INFO 2596 --- [demo] [           main] com.api.demo.DemoApplicationTests        : Starting DemoApplicationTests using Java 17.0.10 with PID 2596 (started by user in C:\AppTask\backend\demo)
2025-07-09T21:40:16.058-03:00  INFO 2596 --- [demo] [           main] com.api.demo.DemoApplicationTests        : No active profile set, falling back to 1 default profile: "default"
2025-07-09T21:40:18.985-03:00  INFO 2596 --- [demo] [           main] com.api.demo.DemoApplicationTests        : Started DemoApplicationTests in 3.451 seconds (process running for 5.503)
]]></system-out>
  </testcase>
</testsuite>